<?xml version="1.0" encoding="UTF-8"?>
<!-- Generated by org.testng.reporters.JUnitReportReporter -->
<testsuite hostname="Varam-98765" failures="0" tests="1" name="com.api.tests.LoginAPITest" time="3.233" errors="0" timestamp="2024-12-09T11:34:16 IST" skipped="0">
  <testcase classname="com.api.tests.LoginAPITest" name="loginTest" time="3.233"/>
</testsuite> <!-- com.api.tests.LoginAPITest -->
